INFO [2021-09-28 21:51:30] $x
INFO [2021-09-28 21:51:30] list(CD.up$ENTREZ.ID, CD.down$ENTREZ.ID, UC.up$ENTREZ.ID, UC.down$ENTREZ.ID)
INFO [2021-09-28 21:51:30] 
INFO [2021-09-28 21:51:30] $category.names
INFO [2021-09-28 21:51:30] c("CD up", "CD down", "UC up", "UC down")
INFO [2021-09-28 21:51:30] 
INFO [2021-09-28 21:51:30] $filename
INFO [2021-09-28 21:51:30] [1] "output/venn_genes.png"
INFO [2021-09-28 21:51:30] 
INFO [2021-09-28 21:51:30] $output
INFO [2021-09-28 21:51:30] [1] FALSE
INFO [2021-09-28 21:51:30] 
INFO [2021-09-28 21:51:30] $col
INFO [2021-09-28 21:51:30] c("#440154ff", "#440154ff", "#21908dff", "#21908dff")
INFO [2021-09-28 21:51:30] 
INFO [2021-09-28 21:51:30] $fill
INFO [2021-09-28 21:51:30] c(alpha("#440154ff", 0.3), alpha("#440154ff", 0.3), alpha("#21908dff", 
INFO [2021-09-28 21:51:30]     0.3), alpha("#21908dff", 0.3))
INFO [2021-09-28 21:51:30] 
INFO [2021-09-28 21:51:30] $cex
INFO [2021-09-28 21:51:30] [1] 1.5
INFO [2021-09-28 21:51:30] 
INFO [2021-09-28 21:51:30] [[8]]
INFO [2021-09-28 21:51:30] 
INFO [2021-09-28 21:51:30] 
