INFO [2021-09-28 21:54:13] $x
INFO [2021-09-28 21:54:13] list(ewp.CD.res$ID, ewp.UC.res$ID)
INFO [2021-09-28 21:54:13] 
INFO [2021-09-28 21:54:13] $category.names
INFO [2021-09-28 21:54:13] c("CD", "UC")
INFO [2021-09-28 21:54:13] 
INFO [2021-09-28 21:54:13] $filename
INFO [2021-09-28 21:54:13] [1] "output/venn_pathways.png"
INFO [2021-09-28 21:54:13] 
INFO [2021-09-28 21:54:13] $output
INFO [2021-09-28 21:54:13] [1] TRUE
INFO [2021-09-28 21:54:13] 
INFO [2021-09-28 21:54:13] $col
INFO [2021-09-28 21:54:13] c("#440154ff", "#21908dff")
INFO [2021-09-28 21:54:13] 
INFO [2021-09-28 21:54:13] $fill
INFO [2021-09-28 21:54:13] c(alpha("#440154ff", 0.3), alpha("#21908dff", 0.3))
INFO [2021-09-28 21:54:13] 
INFO [2021-09-28 21:54:13] $cex
INFO [2021-09-28 21:54:13] [1] 1.5
INFO [2021-09-28 21:54:13] 
INFO [2021-09-28 21:54:13] [[8]]
INFO [2021-09-28 21:54:13] 
INFO [2021-09-28 21:54:13] 
