INFO [2021-09-26 14:56:59] $x
INFO [2021-09-26 14:56:59] list(CD.up$ENTREZ.ID, CD.down$ENTREZ.ID, UC.up$ENTREZ.ID, UC.down$ENTREZ.ID)
INFO [2021-09-26 14:56:59] 
INFO [2021-09-26 14:56:59] $category.names
INFO [2021-09-26 14:56:59] c("CD up", "CD down", "UC up", "UC down")
INFO [2021-09-26 14:56:59] 
INFO [2021-09-26 14:56:59] $filename
INFO [2021-09-26 14:56:59] [1] "output/venn_genes.png"
INFO [2021-09-26 14:56:59] 
INFO [2021-09-26 14:56:59] $output
INFO [2021-09-26 14:56:59] [1] FALSE
INFO [2021-09-26 14:56:59] 
INFO [2021-09-26 14:56:59] $col
INFO [2021-09-26 14:56:59] c("#440154ff", "#440154ff", "#21908dff", "#21908dff")
INFO [2021-09-26 14:56:59] 
INFO [2021-09-26 14:56:59] $fill
INFO [2021-09-26 14:56:59] c(alpha("#440154ff", 0.3), alpha("#440154ff", 0.3), alpha("#21908dff", 
INFO [2021-09-26 14:56:59]     0.3), alpha("#21908dff", 0.3))
INFO [2021-09-26 14:56:59] 
INFO [2021-09-26 14:56:59] $cex
INFO [2021-09-26 14:56:59] [1] 1.5
INFO [2021-09-26 14:56:59] 
INFO [2021-09-26 14:56:59] [[8]]
INFO [2021-09-26 14:56:59] 
INFO [2021-09-26 14:56:59] 
